Determining if the pthread_create exist failed with the following output:
Change Dir: /home/c2-05/ros_ws2/build/move_turtlesim/CMakeFiles/CMakeTmp

Run Build Command:"/usr/bin/make" "cmTC_7b033/fast"
/usr/bin/make -f CMakeFiles/cmTC_7b033.dir/build.make CMakeFiles/cmTC_7b033.dir/build
make[1]: Entering directory '/home/c2-05/ros_ws2/build/move_turtlesim/CMakeFiles/CMakeTmp'
Building C object CMakeFiles/cmTC_7b033.dir/CheckSymbolExists.c.o
/usr/bin/cc     -o CMakeFiles/cmTC_7b033.dir/CheckSymbolExists.c.o   -c /home/c2-05/ros_ws2/build/move_turtlesim/CMakeFiles/CMakeTmp/CheckSymbolExists.c
Linking C executable cmTC_7b033
/usr/bin/cmake -E cmake_link_script CMakeFiles/cmTC_7b033.dir/link.txt --verbose=1
/usr/bin/cc       CMakeFiles/cmTC_7b033.dir/CheckSymbolExists.c.o  -o cmTC_7b033 -rdynamic 
CMakeFiles/cmTC_7b033.dir/CheckSymbolExists.c.o: In function `main':
CheckSymbolExists.c:(.text+0x16): undefined reference to `pthread_create'
collect2: error: ld returned 1 exit status
CMakeFiles/cmTC_7b033.dir/build.make:97: recipe for target 'cmTC_7b033' failed
make[1]: *** [cmTC_7b033] Error 1
make[1]: Leaving directory '/home/c2-05/ros_ws2/build/move_turtlesim/CMakeFiles/CMakeTmp'
Makefile:126: recipe for target 'cmTC_7b033/fast' failed
make: *** [cmTC_7b033/fast] Error 2

File /home/c2-05/ros_ws2/build/move_turtlesim/CMakeFiles/CMakeTmp/CheckSymbolExists.c:
/* */
#include <pthread.h>

int main(int argc, char** argv)
{
  (void)argv;
#ifndef pthread_create
  return ((int*)(&pthread_create))[argc];
#else
  (void)argc;
  return 0;
#endif
}

Determining if the function pthread_create exists in the pthreads failed with the following output:
Change Dir: /home/c2-05/ros_ws2/build/move_turtlesim/CMakeFiles/CMakeTmp

Run Build Command:"/usr/bin/make" "cmTC_dc98b/fast"
/usr/bin/make -f CMakeFiles/cmTC_dc98b.dir/build.make CMakeFiles/cmTC_dc98b.dir/build
make[1]: Entering directory '/home/c2-05/ros_ws2/build/move_turtlesim/CMakeFiles/CMakeTmp'
Building C object CMakeFiles/cmTC_dc98b.dir/CheckFunctionExists.c.o
/usr/bin/cc    -DCHECK_FUNCTION_EXISTS=pthread_create   -o CMakeFiles/cmTC_dc98b.dir/CheckFunctionExists.c.o   -c /usr/share/cmake-3.5/Modules/CheckFunctionExists.c
Linking C executable cmTC_dc98b
/usr/bin/cmake -E cmake_link_script CMakeFiles/cmTC_dc98b.dir/link.txt --verbose=1
/usr/bin/cc   -DCHECK_FUNCTION_EXISTS=pthread_create    CMakeFiles/cmTC_dc98b.dir/CheckFunctionExists.c.o  -o cmTC_dc98b -rdynamic -lpthreads 
/usr/bin/ld: cannot find -lpthreads
collect2: error: ld returned 1 exit status
CMakeFiles/cmTC_dc98b.dir/build.make:97: recipe for target 'cmTC_dc98b' failed
make[1]: *** [cmTC_dc98b] Error 1
make[1]: Leaving directory '/home/c2-05/ros_ws2/build/move_turtlesim/CMakeFiles/CMakeTmp'
Makefile:126: recipe for target 'cmTC_dc98b/fast' failed
make: *** [cmTC_dc98b/fast] Error 2


