Determining if the pthread_create exist failed with the following output:
Change Dir: /home/c2-05/ros_ws2/build/catkin_tools_prebuild/CMakeFiles/CMakeTmp

Run Build Command:"/usr/bin/make" "cmTC_f023c/fast"
/usr/bin/make -f CMakeFiles/cmTC_f023c.dir/build.make CMakeFiles/cmTC_f023c.dir/build
make[1]: Entering directory '/home/c2-05/ros_ws2/build/catkin_tools_prebuild/CMakeFiles/CMakeTmp'
Building C object CMakeFiles/cmTC_f023c.dir/CheckSymbolExists.c.o
/usr/bin/cc     -o CMakeFiles/cmTC_f023c.dir/CheckSymbolExists.c.o   -c /home/c2-05/ros_ws2/build/catkin_tools_prebuild/CMakeFiles/CMakeTmp/CheckSymbolExists.c
Linking C executable cmTC_f023c
/usr/bin/cmake -E cmake_link_script CMakeFiles/cmTC_f023c.dir/link.txt --verbose=1
/usr/bin/cc       CMakeFiles/cmTC_f023c.dir/CheckSymbolExists.c.o  -o cmTC_f023c -rdynamic 
CMakeFiles/cmTC_f023c.dir/CheckSymbolExists.c.o: In function `main':
CheckSymbolExists.c:(.text+0x16): undefined reference to `pthread_create'
collect2: error: ld returned 1 exit status
CMakeFiles/cmTC_f023c.dir/build.make:97: recipe for target 'cmTC_f023c' failed
make[1]: *** [cmTC_f023c] Error 1
make[1]: Leaving directory '/home/c2-05/ros_ws2/build/catkin_tools_prebuild/CMakeFiles/CMakeTmp'
Makefile:126: recipe for target 'cmTC_f023c/fast' failed
make: *** [cmTC_f023c/fast] Error 2

File /home/c2-05/ros_ws2/build/catkin_tools_prebuild/CMakeFiles/CMakeTmp/CheckSymbolExists.c:
/* */
#include <pthread.h>

int main(int argc, char** argv)
{
  (void)argv;
#ifndef pthread_create
  return ((int*)(&pthread_create))[argc];
#else
  (void)argc;
  return 0;
#endif
}

Determining if the function pthread_create exists in the pthreads failed with the following output:
Change Dir: /home/c2-05/ros_ws2/build/catkin_tools_prebuild/CMakeFiles/CMakeTmp

Run Build Command:"/usr/bin/make" "cmTC_dd1d4/fast"
/usr/bin/make -f CMakeFiles/cmTC_dd1d4.dir/build.make CMakeFiles/cmTC_dd1d4.dir/build
make[1]: Entering directory '/home/c2-05/ros_ws2/build/catkin_tools_prebuild/CMakeFiles/CMakeTmp'
Building C object CMakeFiles/cmTC_dd1d4.dir/CheckFunctionExists.c.o
/usr/bin/cc    -DCHECK_FUNCTION_EXISTS=pthread_create   -o CMakeFiles/cmTC_dd1d4.dir/CheckFunctionExists.c.o   -c /usr/share/cmake-3.5/Modules/CheckFunctionExists.c
Linking C executable cmTC_dd1d4
/usr/bin/cmake -E cmake_link_script CMakeFiles/cmTC_dd1d4.dir/link.txt --verbose=1
/usr/bin/cc   -DCHECK_FUNCTION_EXISTS=pthread_create    CMakeFiles/cmTC_dd1d4.dir/CheckFunctionExists.c.o  -o cmTC_dd1d4 -rdynamic -lpthreads 
/usr/bin/ld: cannot find -lpthreads
collect2: error: ld returned 1 exit status
CMakeFiles/cmTC_dd1d4.dir/build.make:97: recipe for target 'cmTC_dd1d4' failed
make[1]: *** [cmTC_dd1d4] Error 1
make[1]: Leaving directory '/home/c2-05/ros_ws2/build/catkin_tools_prebuild/CMakeFiles/CMakeTmp'
Makefile:126: recipe for target 'cmTC_dd1d4/fast' failed
make: *** [cmTC_dd1d4/fast] Error 2


